c:\users\dima-\desktop\lab_8\remoteconsole\debug\vc140.pdb
c:\users\dima-\desktop\lab_8\remoteconsole\debug\vc140.idb
c:\users\dima-\desktop\lab_8\remoteconsole\debug\main.obj
c:\users\buqz\desktop\programming-network-apps-master\lab_8\remoteconsole\debug\vc141.pdb
c:\users\buqz\desktop\programming-network-apps-master\lab_8\remoteconsole\debug\vc141.idb
c:\users\buqz\desktop\programming-network-apps-master\lab_8\remoteconsole\debug\main.obj
c:\users\dima-\desktop\lab_8\debug\remoteconsole.ilk
c:\users\dima-\desktop\lab_8\debug\remoteconsole.exe
c:\users\dima-\desktop\lab_8\debug\remoteconsole.pdb
c:\users\buqz\desktop\programming-network-apps-master\lab_8\debug\remoteconsole.ilk
c:\users\buqz\desktop\programming-network-apps-master\lab_8\debug\remoteconsole.exe
c:\users\buqz\desktop\programming-network-apps-master\lab_8\debug\remoteconsole.pdb
c:\users\buqz\desktop\programming-network-apps-master\lab_8\remoteconsole\debug\vc140.idb
c:\users\buqz\desktop\programming-network-apps-master\lab_8\remoteconsole\debug\vc140.pdb
c:\users\buqz\desktop\programming-network-apps-master\lab_8\remoteconsole\debug\remoteconsole.tlog\cl.command.1.tlog
c:\users\buqz\desktop\programming-network-apps-master\lab_8\remoteconsole\debug\remoteconsole.tlog\cl.read.1.tlog
c:\users\buqz\desktop\programming-network-apps-master\lab_8\remoteconsole\debug\remoteconsole.tlog\cl.write.1.tlog
c:\users\buqz\desktop\programming-network-apps-master\lab_8\remoteconsole\debug\remoteconsole.tlog\link.command.1.tlog
c:\users\buqz\desktop\programming-network-apps-master\lab_8\remoteconsole\debug\remoteconsole.tlog\link.delete.1.tlog
c:\users\buqz\desktop\programming-network-apps-master\lab_8\remoteconsole\debug\remoteconsole.tlog\link.read.1.tlog
c:\users\buqz\desktop\programming-network-apps-master\lab_8\remoteconsole\debug\remoteconsole.tlog\link.write.1.tlog
