d:\учёба\3 курс\1 семестр (вариант 3)\псп\лабораторные работы\lab_07\serverms\serverms\release\serverms.pch
d:\учёба\3 курс\1 семестр (вариант 3)\псп\лабораторные работы\lab_07\serverms\serverms\release\stdafx.obj
d:\учёба\3 курс\1 семестр (вариант 3)\псп\лабораторные работы\lab_07\serverms\serverms\release\vc100.pdb
d:\учёба\3 курс\1 семестр (вариант 3)\псп\лабораторные работы\lab_07\serverms\serverms\release\serverms.obj
d:\учёба\3 курс\1 семестр (вариант 3)\псп\лабораторные работы\lab_07\serverms\release\serverms.exe
d:\учёба\3 курс\1 семестр (вариант 3)\псп\лабораторные работы\lab_07\serverms\serverms\release\serverms.exe.intermediate.manifest
d:\учёба\3 курс\1 семестр (вариант 3)\псп\лабораторные работы\lab_07\serverms\release\serverms.pdb
d:\универ\3_курс\sem_5\алина\псп\лабораторные работы\lab_07\serverms\serverms\release\serverms.pch
d:\универ\3_курс\sem_5\алина\псп\лабораторные работы\lab_07\serverms\serverms\release\vc140.pdb
d:\универ\3_курс\sem_5\алина\псп\лабораторные работы\lab_07\serverms\serverms\release\stdafx.obj
d:\универ\3_курс\sem_5\алина\псп\лабораторные работы\lab_07\serverms\serverms\release\serverms.obj
d:\универ\3_курс\sem_5\алина\псп\лабораторные работы\lab_07\serverms\serverms\release\serverms.vcxprojresolveassemblyreference.cache
d:\универ\3_курс\sem_5\алина\псп\лабораторные работы\lab_07\serverms\serverms\release\cl.command.1.tlog
d:\универ\3_курс\sem_5\алина\псп\лабораторные работы\lab_07\serverms\serverms\release\cl.read.1.tlog
d:\универ\3_курс\sem_5\алина\псп\лабораторные работы\lab_07\serverms\serverms\release\cl.write.1.tlog
d:\универ\3_курс\sem_5\алина\псп\лабораторные работы\lab_07\serverms\serverms\release\link.command.1.tlog
d:\универ\3_курс\sem_5\алина\псп\лабораторные работы\lab_07\serverms\serverms\release\link.read.1.tlog
d:\универ\3_курс\sem_5\алина\псп\лабораторные работы\lab_07\serverms\serverms\release\link.write.1.tlog
d:\универ\3_курс\sem_5\алина\псп\лабораторные работы\lab_07\serverms\serverms\release\mt.command.1.tlog
d:\универ\3_курс\sem_5\алина\псп\лабораторные работы\lab_07\serverms\serverms\release\mt.read.1.tlog
d:\универ\3_курс\sem_5\алина\псп\лабораторные работы\lab_07\serverms\serverms\release\mt.write.1.tlog
d:\универ\3_курс\sem_5\алина\псп\лабораторные работы\lab_07\serverms\serverms\release\serverms.write.1.tlog
d:\универ\3_курс\sem_5\алина\псп\лабораторные работы\lab_07\serverms\serverms\release\serverms.exe.intermediate.manifest
d:\универ\3_курс\sem_5\алина\псп\лабораторные работы\lab_07\serverms\serverms\release\vc100.pdb
d:\универ\3_курс\sem_5\алина\псп\лабораторные работы\lab_07\serverms\release\serverms.pdb
d:\универ\3_курс\sem_5\алина\псп\лабораторные работы\lab_07\serverms\serverms\release\serverms.tlog\cl.command.1.tlog
d:\универ\3_курс\sem_5\алина\псп\лабораторные работы\lab_07\serverms\serverms\release\serverms.tlog\cl.read.1.tlog
d:\универ\3_курс\sem_5\алина\псп\лабораторные работы\lab_07\serverms\serverms\release\serverms.tlog\cl.write.1.tlog
d:\универ\3_курс\sem_5\алина\псп\лабораторные работы\lab_07\serverms\serverms\release\serverms.tlog\link-cvtres.read.1.tlog
d:\универ\3_курс\sem_5\алина\псп\лабораторные работы\lab_07\serverms\serverms\release\serverms.tlog\link-cvtres.write.1.tlog
d:\универ\3_курс\sem_5\алина\псп\лабораторные работы\lab_07\serverms\serverms\release\serverms.tlog\link-rc.read.1.tlog
d:\универ\3_курс\sem_5\алина\псп\лабораторные работы\lab_07\serverms\serverms\release\serverms.tlog\link-rc.write.1.tlog
d:\универ\3_курс\sem_5\алина\псп\лабораторные работы\lab_07\serverms\serverms\release\serverms.tlog\link.command.1.tlog
d:\универ\3_курс\sem_5\алина\псп\лабораторные работы\lab_07\serverms\serverms\release\serverms.tlog\link.read.1.tlog
d:\универ\3_курс\sem_5\алина\псп\лабораторные работы\lab_07\serverms\serverms\release\serverms.tlog\link.write.1.tlog
