d:\учёба\3 курс\1 семестр (вариант 3)\псп\лабораторные работы\lab_07\clentms\clentms\release\clentms.pch
d:\учёба\3 курс\1 семестр (вариант 3)\псп\лабораторные работы\lab_07\clentms\clentms\release\stdafx.obj
d:\учёба\3 курс\1 семестр (вариант 3)\псп\лабораторные работы\lab_07\clentms\clentms\release\vc100.pdb
d:\учёба\3 курс\1 семестр (вариант 3)\псп\лабораторные работы\lab_07\clentms\clentms\release\clentms.obj
d:\учёба\3 курс\1 семестр (вариант 3)\псп\лабораторные работы\lab_07\clentms\release\clentms.exe
d:\учёба\3 курс\1 семестр (вариант 3)\псп\лабораторные работы\lab_07\clentms\clentms\release\clentms.exe.intermediate.manifest
d:\учёба\3 курс\1 семестр (вариант 3)\псп\лабораторные работы\lab_07\clentms\release\clentms.pdb
d:\универ\3_курс\sem_5\алина\псп\лабораторные работы\lab_07\clentms\clentms\release\clentms.pch
d:\универ\3_курс\sem_5\алина\псп\лабораторные работы\lab_07\clentms\clentms\release\vc140.pdb
d:\универ\3_курс\sem_5\алина\псп\лабораторные работы\lab_07\clentms\clentms\release\stdafx.obj
d:\универ\3_курс\sem_5\алина\псп\лабораторные работы\lab_07\clentms\clentms\release\clentms.obj
d:\универ\3_курс\sem_5\алина\псп\лабораторные работы\lab_07\clentms\clentms\release\cl.command.1.tlog
d:\универ\3_курс\sem_5\алина\псп\лабораторные работы\lab_07\clentms\clentms\release\cl.read.1.tlog
d:\универ\3_курс\sem_5\алина\псп\лабораторные работы\lab_07\clentms\clentms\release\cl.write.1.tlog
d:\универ\3_курс\sem_5\алина\псп\лабораторные работы\lab_07\clentms\clentms\release\clentms.write.1.tlog
d:\универ\3_курс\sem_5\алина\псп\лабораторные работы\lab_07\clentms\clentms\release\link.command.1.tlog
d:\универ\3_курс\sem_5\алина\псп\лабораторные работы\lab_07\clentms\clentms\release\link.read.1.tlog
d:\универ\3_курс\sem_5\алина\псп\лабораторные работы\lab_07\clentms\clentms\release\link.write.1.tlog
d:\универ\3_курс\sem_5\алина\псп\лабораторные работы\lab_07\clentms\clentms\release\mt.command.1.tlog
d:\универ\3_курс\sem_5\алина\псп\лабораторные работы\lab_07\clentms\clentms\release\mt.read.1.tlog
d:\универ\3_курс\sem_5\алина\псп\лабораторные работы\lab_07\clentms\clentms\release\mt.write.1.tlog
d:\универ\3_курс\sem_5\алина\псп\лабораторные работы\lab_07\clentms\clentms\release\clentms.exe.intermediate.manifest
d:\универ\3_курс\sem_5\алина\псп\лабораторные работы\lab_07\clentms\clentms\release\vc100.pdb
d:\универ\3_курс\sem_5\алина\псп\лабораторные работы\lab_07\clentms\release\clentms.pdb
d:\универ\3_курс\sem_5\алина\псп\лабораторные работы\lab_07\clentms\clentms\release\clentms.tlog\cl.command.1.tlog
d:\универ\3_курс\sem_5\алина\псп\лабораторные работы\lab_07\clentms\clentms\release\clentms.tlog\cl.read.1.tlog
d:\универ\3_курс\sem_5\алина\псп\лабораторные работы\lab_07\clentms\clentms\release\clentms.tlog\cl.write.1.tlog
d:\универ\3_курс\sem_5\алина\псп\лабораторные работы\lab_07\clentms\clentms\release\clentms.tlog\link-cvtres.read.1.tlog
d:\универ\3_курс\sem_5\алина\псп\лабораторные работы\lab_07\clentms\clentms\release\clentms.tlog\link-cvtres.write.1.tlog
d:\универ\3_курс\sem_5\алина\псп\лабораторные работы\lab_07\clentms\clentms\release\clentms.tlog\link-rc.read.1.tlog
d:\универ\3_курс\sem_5\алина\псп\лабораторные работы\lab_07\clentms\clentms\release\clentms.tlog\link-rc.write.1.tlog
d:\универ\3_курс\sem_5\алина\псп\лабораторные работы\lab_07\clentms\clentms\release\clentms.tlog\link.command.1.tlog
d:\универ\3_курс\sem_5\алина\псп\лабораторные работы\lab_07\clentms\clentms\release\clentms.tlog\link.read.1.tlog
d:\универ\3_курс\sem_5\алина\псп\лабораторные работы\lab_07\clentms\clentms\release\clentms.tlog\link.write.1.tlog
