d:\учёба\3 курс\1 семестр (вариант 3)\псп\лабораторные работы\lab_06\servernp\servernp\release\servernp.pch
d:\учёба\3 курс\1 семестр (вариант 3)\псп\лабораторные работы\lab_06\servernp\servernp\release\stdafx.obj
d:\учёба\3 курс\1 семестр (вариант 3)\псп\лабораторные работы\lab_06\servernp\servernp\release\vc100.pdb
d:\учёба\3 курс\1 семестр (вариант 3)\псп\лабораторные работы\lab_06\servernp\servernp\release\servernp.obj
d:\учёба\3 курс\1 семестр (вариант 3)\псп\лабораторные работы\lab_06\servernp\release\servernp.exe
d:\учёба\3 курс\1 семестр (вариант 3)\псп\лабораторные работы\lab_06\servernp\servernp\release\servernp.exe.intermediate.manifest
d:\учёба\3 курс\1 семестр (вариант 3)\псп\лабораторные работы\lab_06\servernp\release\servernp.pdb
d:\универ\3_курс\sem_5\алина\псп\лабораторные работы\lab_06\servernp\servernp\release\servernp.pch
d:\универ\3_курс\sem_5\алина\псп\лабораторные работы\lab_06\servernp\servernp\release\vc140.pdb
d:\универ\3_курс\sem_5\алина\псп\лабораторные работы\lab_06\servernp\servernp\release\stdafx.obj
d:\универ\3_курс\sem_5\алина\псп\лабораторные работы\lab_06\servernp\servernp\release\servernp.obj
d:\универ\3_курс\sem_5\алина\псп\лабораторные работы\lab_06\servernp\servernp\release\cl.command.1.tlog
d:\универ\3_курс\sem_5\алина\псп\лабораторные работы\lab_06\servernp\servernp\release\cl.read.1.tlog
d:\универ\3_курс\sem_5\алина\псп\лабораторные работы\lab_06\servernp\servernp\release\cl.write.1.tlog
d:\универ\3_курс\sem_5\алина\псп\лабораторные работы\lab_06\servernp\servernp\release\link.command.1.tlog
d:\универ\3_курс\sem_5\алина\псп\лабораторные работы\lab_06\servernp\servernp\release\link.read.1.tlog
d:\универ\3_курс\sem_5\алина\псп\лабораторные работы\lab_06\servernp\servernp\release\link.write.1.tlog
d:\универ\3_курс\sem_5\алина\псп\лабораторные работы\lab_06\servernp\servernp\release\mt.command.1.tlog
d:\универ\3_курс\sem_5\алина\псп\лабораторные работы\lab_06\servernp\servernp\release\mt.read.1.tlog
d:\универ\3_курс\sem_5\алина\псп\лабораторные работы\lab_06\servernp\servernp\release\mt.write.1.tlog
d:\универ\3_курс\sem_5\алина\псп\лабораторные работы\lab_06\servernp\servernp\release\servernp.write.1.tlog
d:\универ\3_курс\sem_5\алина\псп\лабораторные работы\lab_06\servernp\servernp\release\servernp.exe.intermediate.manifest
d:\универ\3_курс\sem_5\алина\псп\лабораторные работы\lab_06\servernp\servernp\release\vc100.pdb
d:\универ\3_курс\sem_5\алина\псп\лабораторные работы\lab_06\servernp\release\servernp.pdb
d:\универ\3_курс\sem_5\алина\псп\лабораторные работы\lab_06\servernp\servernp\release\servernp.tlog\cl.command.1.tlog
d:\универ\3_курс\sem_5\алина\псп\лабораторные работы\lab_06\servernp\servernp\release\servernp.tlog\cl.read.1.tlog
d:\универ\3_курс\sem_5\алина\псп\лабораторные работы\lab_06\servernp\servernp\release\servernp.tlog\cl.write.1.tlog
d:\универ\3_курс\sem_5\алина\псп\лабораторные работы\lab_06\servernp\servernp\release\servernp.tlog\link-cvtres.read.1.tlog
d:\универ\3_курс\sem_5\алина\псп\лабораторные работы\lab_06\servernp\servernp\release\servernp.tlog\link-cvtres.write.1.tlog
d:\универ\3_курс\sem_5\алина\псп\лабораторные работы\lab_06\servernp\servernp\release\servernp.tlog\link-rc.read.1.tlog
d:\универ\3_курс\sem_5\алина\псп\лабораторные работы\lab_06\servernp\servernp\release\servernp.tlog\link-rc.write.1.tlog
d:\универ\3_курс\sem_5\алина\псп\лабораторные работы\lab_06\servernp\servernp\release\servernp.tlog\link.command.1.tlog
d:\универ\3_курс\sem_5\алина\псп\лабораторные работы\lab_06\servernp\servernp\release\servernp.tlog\link.read.1.tlog
d:\универ\3_курс\sem_5\алина\псп\лабораторные работы\lab_06\servernp\servernp\release\servernp.tlog\link.write.1.tlog
