d:\учёба\3 курс\1 семестр (вариант 3)\псп\лабораторные работы\lab_06\clientnpct\clientnpct\release\clientnpct.pch
d:\учёба\3 курс\1 семестр (вариант 3)\псп\лабораторные работы\lab_06\clientnpct\clientnpct\release\stdafx.obj
d:\учёба\3 курс\1 семестр (вариант 3)\псп\лабораторные работы\lab_06\clientnpct\clientnpct\release\vc100.pdb
d:\учёба\3 курс\1 семестр (вариант 3)\псп\лабораторные работы\lab_06\clientnpct\clientnpct\release\clientnpct.obj
d:\учёба\3 курс\1 семестр (вариант 3)\псп\лабораторные работы\lab_06\clientnpct\release\clientnpct.exe
d:\учёба\3 курс\1 семестр (вариант 3)\псп\лабораторные работы\lab_06\clientnpct\clientnpct\release\clientnpct.exe.intermediate.manifest
d:\учёба\3 курс\1 семестр (вариант 3)\псп\лабораторные работы\lab_06\clientnpct\release\clientnpct.pdb
d:\универ\3_курс\sem_5\алина\псп\лабораторные работы\lab_06\clientnpct\clientnpct\release\clientnpct.vcxprojresolveassemblyreference.cache
d:\универ\3_курс\sem_5\алина\псп\лабораторные работы\lab_06\clientnpct\clientnpct\release\clientnpct.obj
d:\универ\3_курс\sem_5\алина\псп\лабораторные работы\lab_06\clientnpct\clientnpct\release\stdafx.obj
d:\универ\3_курс\sem_5\алина\псп\лабораторные работы\lab_06\clientnpct\clientnpct\release\cl.command.1.tlog
d:\универ\3_курс\sem_5\алина\псп\лабораторные работы\lab_06\clientnpct\clientnpct\release\cl.read.1.tlog
d:\универ\3_курс\sem_5\алина\псп\лабораторные работы\lab_06\clientnpct\clientnpct\release\cl.write.1.tlog
d:\универ\3_курс\sem_5\алина\псп\лабораторные работы\lab_06\clientnpct\clientnpct\release\clientnpct.write.1.tlog
d:\универ\3_курс\sem_5\алина\псп\лабораторные работы\lab_06\clientnpct\clientnpct\release\link.command.1.tlog
d:\универ\3_курс\sem_5\алина\псп\лабораторные работы\lab_06\clientnpct\clientnpct\release\link.read.1.tlog
d:\универ\3_курс\sem_5\алина\псп\лабораторные работы\lab_06\clientnpct\clientnpct\release\link.write.1.tlog
d:\универ\3_курс\sem_5\алина\псп\лабораторные работы\lab_06\clientnpct\clientnpct\release\mt.command.1.tlog
d:\универ\3_курс\sem_5\алина\псп\лабораторные работы\lab_06\clientnpct\clientnpct\release\mt.read.1.tlog
d:\универ\3_курс\sem_5\алина\псп\лабораторные работы\lab_06\clientnpct\clientnpct\release\mt.write.1.tlog
d:\универ\3_курс\sem_5\алина\псп\лабораторные работы\lab_06\clientnpct\clientnpct\release\clientnpct.exe.intermediate.manifest
d:\универ\3_курс\sem_5\алина\псп\лабораторные работы\lab_06\clientnpct\clientnpct\release\clientnpct.pch
d:\универ\3_курс\sem_5\алина\псп\лабораторные работы\lab_06\clientnpct\clientnpct\release\vc100.pdb
d:\универ\3_курс\sem_5\алина\псп\лабораторные работы\lab_06\clientnpct\release\clientnpct.pdb
d:\универ\3_курс\sem_5\алина\псп\лабораторные работы\lab_06\clientnpct\release\clientnpct.exe
