d:\5sem\псп\lab3\serveru\serveru\debug\serveru.pch
d:\5sem\псп\lab3\serveru\serveru\debug\vc141.pdb
d:\5sem\псп\lab3\serveru\serveru\debug\vc141.idb
d:\5sem\псп\lab3\serveru\serveru\debug\stdafx.obj
d:\5sem\псп\lab3\serveru\serveru\debug\serveru.obj
d:\5sem\псп\lab3\serveru\debug\serveru.exe
d:\5sem\псп\lab3\serveru\debug\serveru.ilk
d:\5sem\псп\lab3\serveru\debug\serveru.pdb
c:\users\дмитрий\downloads\lab3\serveru\serveru\debug\serveru.obj
c:\users\дмитрий\downloads\lab3\serveru\serveru\debug\stdafx.obj
c:\users\дмитрий\downloads\lab3\serveru\serveru\debug\serveru.pch
c:\users\дмитрий\downloads\lab3\serveru\serveru\debug\vc140.idb
c:\users\дмитрий\downloads\lab3\serveru\serveru\debug\vc141.idb
c:\users\дмитрий\downloads\lab3\serveru\serveru\debug\vc140.pdb
c:\users\дмитрий\downloads\lab3\serveru\serveru\debug\vc141.pdb
c:\users\дмитрий\downloads\lab3\serveru\debug\serveru.pdb
c:\users\дмитрий\downloads\lab3\serveru\debug\serveru.exe
c:\users\дмитрий\downloads\lab3\serveru\debug\serveru.ilk
c:\users\дмитрий\downloads\lab3\serveru\serveru\debug\serveru.tlog\cl.command.1.tlog
c:\users\дмитрий\downloads\lab3\serveru\serveru\debug\serveru.tlog\cl.read.1.tlog
c:\users\дмитрий\downloads\lab3\serveru\serveru\debug\serveru.tlog\cl.write.1.tlog
c:\users\дмитрий\downloads\lab3\serveru\serveru\debug\serveru.tlog\link.command.1.tlog
c:\users\дмитрий\downloads\lab3\serveru\serveru\debug\serveru.tlog\link.delete.1.tlog
c:\users\дмитрий\downloads\lab3\serveru\serveru\debug\serveru.tlog\link.read.1.tlog
c:\users\дмитрий\downloads\lab3\serveru\serveru\debug\serveru.tlog\link.write.1.tlog
