d:\5sem\псп\lab2\servert\servert\release\servert.pch
d:\5sem\псп\lab2\servert\servert\release\vc141.pdb
d:\5sem\псп\lab2\servert\servert\release\stdafx.obj
d:\5sem\псп\lab2\servert\servert\release\servert.obj
d:\учеба\3 курс\псп\лабораторные работы\lab_02\servert\release\servert.exe
d:\учеба\3 курс\псп\лабораторные работы\lab_02\servert\release\servert.pdb
d:\универ\3_курс\sem_5\алина\псп\лабораторные работы\lab_02\servert\release\servert.exe
d:\универ\3_курс\sem_5\алина\псп\лабораторные работы\lab_02\servert\release\servert.ipdb
d:\универ\3_курс\sem_5\алина\псп\лабораторные работы\lab_02\servert\release\servert.iobj
d:\универ\3_курс\sem_5\алина\псп\лабораторные работы\lab_02\servert\release\servert.pdb
d:\5sem\псп\lab2\servert\release\servert.exe
d:\5sem\псп\lab2\servert\release\servert.pdb
d:\5sem\псп\lab2\servert\release\servert.ipdb
d:\5sem\псп\lab2\servert\release\servert.iobj
c:\users\дмитрий\downloads\lab_2\servert\servert\release\servert.obj
c:\users\дмитрий\downloads\lab_2\servert\servert\release\stdafx.obj
c:\users\дмитрий\downloads\lab_2\servert\servert\release\servert.pch
c:\users\дмитрий\downloads\lab_2\servert\servert\release\vc120.pdb
c:\users\дмитрий\downloads\lab_2\servert\servert\release\vc140.pdb
c:\users\дмитрий\downloads\lab_2\servert\servert\release\vc141.pdb
c:\users\дмитрий\downloads\lab_2\servert\release\servert.pdb
c:\users\дмитрий\downloads\lab_2\servert\release\servert.exe
c:\users\дмитрий\downloads\lab_2\servert\servert\release\servert.tlog\cl.command.1.tlog
c:\users\дмитрий\downloads\lab_2\servert\servert\release\servert.tlog\cl.read.1.tlog
c:\users\дмитрий\downloads\lab_2\servert\servert\release\servert.tlog\cl.write.1.tlog
c:\users\дмитрий\downloads\lab_2\servert\servert\release\servert.tlog\link.command.1.tlog
c:\users\дмитрий\downloads\lab_2\servert\servert\release\servert.tlog\link.read.1.tlog
c:\users\дмитрий\downloads\lab_2\servert\servert\release\servert.tlog\link.write.1.tlog
c:\users\дмитрий\downloads\lab_2\servert\servert\release\servert.tlog\servert.write.1u.tlog
