d:\учёба\3 курс\1 семестр (вариант 3)\псп\лабораторные работы\lab_06\clientnpt\clientnpt\release\clientnpt.pch
d:\учёба\3 курс\1 семестр (вариант 3)\псп\лабораторные работы\lab_06\clientnpt\clientnpt\release\stdafx.obj
d:\учёба\3 курс\1 семестр (вариант 3)\псп\лабораторные работы\lab_06\clientnpt\clientnpt\release\vc100.pdb
d:\учёба\3 курс\1 семестр (вариант 3)\псп\лабораторные работы\lab_06\clientnpt\clientnpt\release\clientnpt.obj
d:\учёба\3 курс\1 семестр (вариант 3)\псп\лабораторные работы\lab_06\clientnpt\release\clientnpt.exe
d:\учёба\3 курс\1 семестр (вариант 3)\псп\лабораторные работы\lab_06\clientnpt\clientnpt\release\clientnpt.exe.intermediate.manifest
d:\учёба\3 курс\1 семестр (вариант 3)\псп\лабораторные работы\lab_06\clientnpt\release\clientnpt.pdb
d:\универ\3_курс\sem_5\алина\псп\лабораторные работы\lab_06\clientnpt\clientnpt\release\clientnpt.pch
d:\универ\3_курс\sem_5\алина\псп\лабораторные работы\lab_06\clientnpt\clientnpt\release\vc140.pdb
d:\универ\3_курс\sem_5\алина\псп\лабораторные работы\lab_06\clientnpt\clientnpt\release\stdafx.obj
d:\универ\3_курс\sem_5\алина\псп\лабораторные работы\lab_06\clientnpt\clientnpt\release\clientnpt.obj
d:\универ\3_курс\sem_5\алина\псп\лабораторные работы\lab_06\clientnpt\clientnpt\release\cl.command.1.tlog
d:\универ\3_курс\sem_5\алина\псп\лабораторные работы\lab_06\clientnpt\clientnpt\release\cl.read.1.tlog
d:\универ\3_курс\sem_5\алина\псп\лабораторные работы\lab_06\clientnpt\clientnpt\release\cl.write.1.tlog
d:\универ\3_курс\sem_5\алина\псп\лабораторные работы\lab_06\clientnpt\clientnpt\release\clientnpt.write.1.tlog
d:\универ\3_курс\sem_5\алина\псп\лабораторные работы\lab_06\clientnpt\clientnpt\release\link.command.1.tlog
d:\универ\3_курс\sem_5\алина\псп\лабораторные работы\lab_06\clientnpt\clientnpt\release\link.read.1.tlog
d:\универ\3_курс\sem_5\алина\псп\лабораторные работы\lab_06\clientnpt\clientnpt\release\link.write.1.tlog
d:\универ\3_курс\sem_5\алина\псп\лабораторные работы\lab_06\clientnpt\clientnpt\release\mt.command.1.tlog
d:\универ\3_курс\sem_5\алина\псп\лабораторные работы\lab_06\clientnpt\clientnpt\release\mt.read.1.tlog
d:\универ\3_курс\sem_5\алина\псп\лабораторные работы\lab_06\clientnpt\clientnpt\release\mt.write.1.tlog
d:\универ\3_курс\sem_5\алина\псп\лабораторные работы\lab_06\clientnpt\clientnpt\release\clientnpt.exe.intermediate.manifest
d:\универ\3_курс\sem_5\алина\псп\лабораторные работы\lab_06\clientnpt\clientnpt\release\vc100.pdb
d:\универ\3_курс\sem_5\алина\псп\лабораторные работы\lab_06\clientnpt\release\clientnpt.pdb
d:\универ\3_курс\sem_5\алина\псп\лабораторные работы\lab_06\clientnpt\clientnpt\release\clientnpt.tlog\cl.command.1.tlog
d:\универ\3_курс\sem_5\алина\псп\лабораторные работы\lab_06\clientnpt\clientnpt\release\clientnpt.tlog\cl.read.1.tlog
d:\универ\3_курс\sem_5\алина\псп\лабораторные работы\lab_06\clientnpt\clientnpt\release\clientnpt.tlog\cl.write.1.tlog
d:\универ\3_курс\sem_5\алина\псп\лабораторные работы\lab_06\clientnpt\clientnpt\release\clientnpt.tlog\link-cvtres.read.1.tlog
d:\универ\3_курс\sem_5\алина\псп\лабораторные работы\lab_06\clientnpt\clientnpt\release\clientnpt.tlog\link-cvtres.write.1.tlog
d:\универ\3_курс\sem_5\алина\псп\лабораторные работы\lab_06\clientnpt\clientnpt\release\clientnpt.tlog\link-rc.read.1.tlog
d:\универ\3_курс\sem_5\алина\псп\лабораторные работы\lab_06\clientnpt\clientnpt\release\clientnpt.tlog\link-rc.write.1.tlog
d:\универ\3_курс\sem_5\алина\псп\лабораторные работы\lab_06\clientnpt\clientnpt\release\clientnpt.tlog\link.command.1.tlog
d:\универ\3_курс\sem_5\алина\псп\лабораторные работы\lab_06\clientnpt\clientnpt\release\clientnpt.tlog\link.read.1.tlog
d:\универ\3_курс\sem_5\алина\псп\лабораторные работы\lab_06\clientnpt\clientnpt\release\clientnpt.tlog\link.write.1.tlog
