d:\5sem\псп\lab2\clientt\clientt\release\clientt.pch
d:\5sem\псп\lab2\clientt\clientt\release\vc141.pdb
d:\5sem\псп\lab2\clientt\clientt\release\stdafx.obj
d:\5sem\псп\lab2\clientt\clientt\release\clientt.obj
d:\5sem\псп\lab2\clientt\release\clientt.ipdb
d:\5sem\псп\lab2\clientt\release\clientt.iobj
d:\универ\3_курс\sem_5\алина\псп\лабораторные работы\lab_02\clientt\release\clientt.exe
d:\универ\3_курс\sem_5\алина\псп\лабораторные работы\lab_02\clientt\release\clientt.ipdb
d:\универ\3_курс\sem_5\алина\псп\лабораторные работы\lab_02\clientt\release\clientt.iobj
d:\универ\3_курс\sem_5\алина\псп\лабораторные работы\lab_02\clientt\release\clientt.pdb
d:\5sem\псп\lab2\clientt\release\clientt.exe
d:\5sem\псп\lab2\clientt\release\clientt.pdb
c:\users\дмитрий\downloads\lab_2\clientt\clientt\release\clientt.obj
c:\users\дмитрий\downloads\lab_2\clientt\clientt\release\stdafx.obj
c:\users\дмитрий\downloads\lab_2\clientt\clientt\release\clientt.pch
c:\users\дмитрий\downloads\lab_2\clientt\clientt\release\vc120.pdb
c:\users\дмитрий\downloads\lab_2\clientt\clientt\release\vc140.pdb
c:\users\дмитрий\downloads\lab_2\clientt\clientt\release\vc141.pdb
c:\users\дмитрий\downloads\lab_2\clientt\release\clientt.pdb
c:\users\дмитрий\downloads\lab_2\clientt\release\clientt.exe
c:\users\дмитрий\downloads\lab_2\clientt\clientt\release\clientt.tlog\cl.command.1.tlog
c:\users\дмитрий\downloads\lab_2\clientt\clientt\release\clientt.tlog\cl.read.1.tlog
c:\users\дмитрий\downloads\lab_2\clientt\clientt\release\clientt.tlog\cl.write.1.tlog
c:\users\дмитрий\downloads\lab_2\clientt\clientt\release\clientt.tlog\clientt.write.1u.tlog
c:\users\дмитрий\downloads\lab_2\clientt\clientt\release\clientt.tlog\link.command.1.tlog
c:\users\дмитрий\downloads\lab_2\clientt\clientt\release\clientt.tlog\link.read.1.tlog
c:\users\дмитрий\downloads\lab_2\clientt\clientt\release\clientt.tlog\link.write.1.tlog
